<?xml version="1.0" encoding="UTF-8"?>
<testsuite xmlns:xsi="http://www.w3.org/2001/XMLSchema-instance" xsi:noNamespaceSchemaLocation="https://maven.apache.org/surefire/maven-surefire-plugin/xsd/surefire-test-report-3.0.xsd" version="3.0" name="ApiTest" time="5.797" tests="3" errors="0" skipped="0" failures="0">
  <properties>
[...]
</properties>
  <testcase name="validarUsuarioPorId" classname="ApiTest" time="5.095"/>
  <testcase name="eliminarUsuarioSimulado" classname="ApiTest" time="0.334"/>
  <testcase name="crearUsuarioSimulado" classname="ApiTest" time="0.3"/>
</testsuite>